<?xml version="1.0" encoding="UTF-8"?>
<!-- Generated by org.testng.reporters.JUnitReportReporter -->
<testsuite hostname="L6M4DQN2" name="assertions.LoginTestAssertion" tests="1" failures="0" timestamp="23 May 2020 16:33:59 GMT" time="16.009" errors="0">
  <testcase name="LOginTest" time="16.009" classname="assertions.LoginTestAssertion"/>
</testsuite> <!-- assertions.LoginTestAssertion -->
