<?xml version="1.0" encoding="UTF-8"?>
<!-- Generated by org.testng.reporters.JUnitReportReporter -->
<testsuite hostname="L6M4DQN2" name="pageobjectmodeltest2.RegistrationTest2" tests="1" failures="0" timestamp="18 May 2020 10:22:58 GMT" time="14.676" errors="0">
  <testcase name="VerifyFlightReg" time="14.676" classname="pageobjectmodeltest2.RegistrationTest2"/>
</testsuite> <!-- pageobjectmodeltest2.RegistrationTest2 -->
